[debug] [2022-08-24T14:49:33.803Z] ----------------------------------------------------------------------
[debug] [2022-08-24T14:49:33.805Z] Command:       C:\Program Files\nodejs\node.exe C:\Users\User\AppData\Roaming\npm\node_modules\firebase-tools\lib\bin\firebase.js init
[debug] [2022-08-24T14:49:33.805Z] CLI Version:   10.6.0
[debug] [2022-08-24T14:49:33.806Z] Platform:      win32
[debug] [2022-08-24T14:49:33.806Z] Node Version:  v16.13.1
[debug] [2022-08-24T14:49:33.807Z] Time:          Wed Aug 24 2022 20:49:33 GMT+0600 (Bangladesh Standard Time)
[debug] [2022-08-24T14:49:33.807Z] ----------------------------------------------------------------------
[debug] 
[debug] [2022-08-24T14:49:33.891Z] > command requires scopes: ["email","openid","https://www.googleapis.com/auth/cloudplatformprojects.readonly","https://www.googleapis.com/auth/firebase","https://www.googleapis.com/auth/cloud-platform"]
[debug] [2022-08-24T14:49:33.892Z] > authorizing via signed-in user (ridimarahmanmou5804@gmail.com)
[info] 
     ######## #### ########  ######## ########     ###     ######  ########
     ##        ##  ##     ## ##       ##     ##  ##   ##  ##       ##
     ######    ##  ########  ######   ########  #########  ######  ######
     ##        ##  ##    ##  ##       ##     ## ##     ##       ## ##
     ##       #### ##     ## ######## ########  ##     ##  ######  ########

You're about to initialize a Firebase project in this directory:

  D:\projects-node.js\assignment-12\client-side

Before we get started, keep in mind:

  * You are initializing within an existing Firebase project directory

[debug] [2022-08-24T14:51:05.679Z] ----------------------------------------------------------------------
[debug] [2022-08-24T14:51:05.681Z] Command:       C:\Program Files\nodejs\node.exe C:\Users\User\AppData\Roaming\npm\node_modules\firebase-tools\lib\bin\firebase.js deploy
[debug] [2022-08-24T14:51:05.682Z] CLI Version:   10.6.0
[debug] [2022-08-24T14:51:05.682Z] Platform:      win32
[debug] [2022-08-24T14:51:05.682Z] Node Version:  v16.13.1
[debug] [2022-08-24T14:51:05.684Z] Time:          Wed Aug 24 2022 20:51:05 GMT+0600 (Bangladesh Standard Time)
[debug] [2022-08-24T14:51:05.685Z] ----------------------------------------------------------------------
[debug] 
[debug] [2022-08-24T14:51:05.774Z] > command requires scopes: ["email","openid","https://www.googleapis.com/auth/cloudplatformprojects.readonly","https://www.googleapis.com/auth/firebase","https://www.googleapis.com/auth/cloud-platform"]
[debug] [2022-08-24T14:51:05.774Z] > authorizing via signed-in user (ridimarahmanmou5804@gmail.com)
[debug] [2022-08-24T14:51:05.775Z] [iam] checking project assignment-12-f3512 for permissions ["firebase.projects.get","firebasehosting.sites.update"]
[debug] [2022-08-24T14:51:05.777Z] >>> [apiv2][query] POST https://cloudresourcemanager.googleapis.com/v1/projects/assignment-12-f3512:testIamPermissions [none]
[debug] [2022-08-24T14:51:05.778Z] >>> [apiv2][body] POST https://cloudresourcemanager.googleapis.com/v1/projects/assignment-12-f3512:testIamPermissions {"permissions":["firebase.projects.get","firebasehosting.sites.update"]}
[debug] [2022-08-24T14:51:26.958Z] [iam] error while checking permissions, command may fail: FirebaseError: Failed to make request to https://cloudresourcemanager.googleapis.com/v1/projects/assignment-12-f3512:testIamPermissions
[debug] [2022-08-24T14:51:26.963Z] >>> [apiv2][query] GET https://firebase.googleapis.com/v1beta1/projects/assignment-12-f3512 [none]
[debug] [2022-08-24T14:51:48.048Z] Failed to make request to https://firebase.googleapis.com/v1beta1/projects/assignment-12-f3512
[debug] [2022-08-24T14:52:09.142Z] FirebaseError: Failed to make request to https://firebase.googleapis.com/v1beta1/projects/assignment-12-f3512
    at RetryOperation._fn (C:\Users\User\AppData\Roaming\npm\node_modules\firebase-tools\lib\apiv2.js:240:31)
    at processTicksAndRejections (node:internal/process/task_queues:96:5)
[error] 
[error] Error: Failed to get Firebase project assignment-12-f3512. Please make sure the project exists and your account has permission to access it.
[debug] [2022-08-24T14:53:41.347Z] ----------------------------------------------------------------------
[debug] [2022-08-24T14:53:41.349Z] Command:       C:\Program Files\nodejs\node.exe C:\Users\User\AppData\Roaming\npm\node_modules\firebase-tools\lib\bin\firebase.js init
[debug] [2022-08-24T14:53:41.350Z] CLI Version:   10.6.0
[debug] [2022-08-24T14:53:41.350Z] Platform:      win32
[debug] [2022-08-24T14:53:41.350Z] Node Version:  v16.13.1
[debug] [2022-08-24T14:53:41.352Z] Time:          Wed Aug 24 2022 20:53:41 GMT+0600 (Bangladesh Standard Time)
[debug] [2022-08-24T14:53:41.352Z] ----------------------------------------------------------------------
[debug] 
[debug] [2022-08-24T14:53:41.477Z] > command requires scopes: ["email","openid","https://www.googleapis.com/auth/cloudplatformprojects.readonly","https://www.googleapis.com/auth/firebase","https://www.googleapis.com/auth/cloud-platform"]
[debug] [2022-08-24T14:53:41.477Z] > authorizing via signed-in user (ridimarahmanmou5804@gmail.com)
[info] 
     ######## #### ########  ######## ########     ###     ######  ########
     ##        ##  ##     ## ##       ##     ##  ##   ##  ##       ##
     ######    ##  ########  ######   ########  #########  ######  ######
     ##        ##  ##    ##  ##       ##     ## ##     ##       ## ##
     ##       #### ##     ## ######## ########  ##     ##  ######  ########

You're about to initialize a Firebase project in this directory:

  D:\projects-node.js\assignment-12\client-side

Before we get started, keep in mind:

  * You are initializing within an existing Firebase project directory

[info] 
=== Project Setup
[info] 
[info] First, let's associate this project directory with a Firebase project.
[info] You can create multiple project aliases by running firebase use --add, 
[info] but for now we'll just set up a default project.
[info] 
[debug] [2022-08-24T14:53:56.756Z] Using project from CLI flag: assignment-12-f3512
[debug] [2022-08-24T14:53:56.767Z] >>> [apiv2][query] GET https://firebase.googleapis.com/v1beta1/projects/assignment-12-f3512 [none]
[debug] [2022-08-24T14:54:17.925Z] Failed to make request to https://firebase.googleapis.com/v1beta1/projects/assignment-12-f3512
[debug] [2022-08-24T14:54:18.370Z] FirebaseError: Failed to make request to https://firebase.googleapis.com/v1beta1/projects/assignment-12-f3512
    at RetryOperation._fn (C:\Users\User\AppData\Roaming\npm\node_modules\firebase-tools\lib\apiv2.js:240:31)
    at processTicksAndRejections (node:internal/process/task_queues:96:5)
[error] 
[error] Error: Failed to get Firebase project assignment-12-f3512. Please make sure the project exists and your account has permission to access it.
